start importing...
6b404576efbf4a5aba9ebf9e75ee8078
using cachedToken.
[object Object] visibility cleared
using cachedToken.
done:  6b404576efbf4a5aba9ebf9e75ee8078 1
6c75a9d3590e4dce9d3f86a14a0e8eb3
using cachedToken.
using cachedToken.
[object Object] visibility cleared
using cachedToken.
done:  6c75a9d3590e4dce9d3f86a14a0e8eb3 2
6caf3779a4d14c889a181e9620fa2472
using cachedToken.
using cachedToken.
[object Object] visibility cleared
using cachedToken.
done:  6caf3779a4d14c889a181e9620fa2472 3
0326231957ca4f01980f48e98b7a67d7
using cachedToken.
using cachedToken.
[object Object] visibility cleared
using cachedToken.
done:  0326231957ca4f01980f48e98b7a67d7 4
086850765f344e7dafd1142553859ef1
using cachedToken.
[object Object] visibility cleared
done:  086850765f344e7dafd1142553859ef1 5
101911dda00f499da95ff4fc1066217a
using cachedToken.
using cachedToken.
[object Object] visibility cleared
using cachedToken.
done:  101911dda00f499da95ff4fc1066217a 6
8f102ef6145341e6b9032915ab553fc7
using cachedToken.
using cachedToken.
[object Object] visibility cleared
using cachedToken.
done:  8f102ef6145341e6b9032915ab553fc7 7
8fc86a723a914429ac539efe85f5105e
using cachedToken.
using cachedToken.
[object Object] visibility cleared
using cachedToken.
done:  8fc86a723a914429ac539efe85f5105e 8
35c79916f23c449093ff6fca6f7c3fbe
using cachedToken.
using cachedToken.
[object Object] visibility cleared
using cachedToken.
done:  35c79916f23c449093ff6fca6f7c3fbe 9
38a969cfa3b1469d98a3bab817e98b9f
using cachedToken.
[object Object] visibility cleared
done:  38a969cfa3b1469d98a3bab817e98b9f 10
628703e9b28b41e4954209a91004018f
using cachedToken.
using cachedToken.
[object Object] visibility cleared
using cachedToken.
done:  628703e9b28b41e4954209a91004018f 11
2b6d0a02e7c94760ad71920820cab00f
using cachedToken.
using cachedToken.
[object Object] visibility cleared
using cachedToken.
done:  2b6d0a02e7c94760ad71920820cab00f 12
2e623137ff0647f78fad9be930d01d82
using cachedToken.
using cachedToken.
[object Object] visibility cleared
using cachedToken.
done:  2e623137ff0647f78fad9be930d01d82 13
85bace0d32484b0b83102f8828dffd1a
using cachedToken.
using cachedToken.
[object Object] visibility cleared
using cachedToken.
done:  85bace0d32484b0b83102f8828dffd1a 14
8b9a69161bfa400190e1920ff44d6481
using cachedToken.
[object Object] visibility cleared
done:  8b9a69161bfa400190e1920ff44d6481 15
12024edd5f554f9f96aacead4d07ae77
using cachedToken.
using cachedToken.
[object Object] visibility cleared
using cachedToken.
done:  12024edd5f554f9f96aacead4d07ae77 16
12f922f27deb4f93bb38b305243416ed
using cachedToken.
using cachedToken.
[object Object] visibility cleared
using cachedToken.
done:  12f922f27deb4f93bb38b305243416ed 17
54dbc5bc66e04952aca0667a67519c3b
using cachedToken.
using cachedToken.
[object Object] visibility cleared
using cachedToken.
done:  54dbc5bc66e04952aca0667a67519c3b 18
9790d9b4d253459b8fc4c9fdc1cf1ce0
using cachedToken.
using cachedToken.
[object Object] visibility cleared
using cachedToken.
done:  9790d9b4d253459b8fc4c9fdc1cf1ce0 19
463e4c3b3a3c4f1ab2aeaf2ef34b9b26
using cachedToken.
[object Object] visibility cleared
done:  463e4c3b3a3c4f1ab2aeaf2ef34b9b26 20
4aef77e519d94987b21f13c77137c869
using cachedToken.
using cachedToken.
[object Object] visibility cleared
using cachedToken.
done:  4aef77e519d94987b21f13c77137c869 21
4bb9b475cd984304af887bdaf2cb0899
using cachedToken.
using cachedToken.
[object Object] visibility cleared
using cachedToken.
done:  4bb9b475cd984304af887bdaf2cb0899 22
55dd2aa36be347d3a47eebe7970c23ec
using cachedToken.
using cachedToken.
[object Object] visibility cleared
using cachedToken.
done:  55dd2aa36be347d3a47eebe7970c23ec 23
6c293ee945e84bbd90a343fc49025729
using cachedToken.
using cachedToken.
[object Object] visibility cleared
using cachedToken.
done:  6c293ee945e84bbd90a343fc49025729 24
6c60cfc6550742a68504796069240634
using cachedToken.
[object Object] visibility cleared
done:  6c60cfc6550742a68504796069240634 25
7705d655275a4465900bbea8ee042b10
using cachedToken.
using cachedToken.
[object Object] visibility cleared
using cachedToken.
done:  7705d655275a4465900bbea8ee042b10 26
8ef1a6d68f7341e1adcf719feef5342b
using cachedToken.
using cachedToken.
[object Object] visibility cleared
using cachedToken.
done:  8ef1a6d68f7341e1adcf719feef5342b 27
91137302a7c24c7a985ec82b478fc218
using cachedToken.
using cachedToken.
[object Object] visibility cleared
using cachedToken.
done:  91137302a7c24c7a985ec82b478fc218 28
7ef268d3e34f45498394a28800aba4fb
using cachedToken.
using cachedToken.
[object Object] visibility cleared
using cachedToken.
done:  7ef268d3e34f45498394a28800aba4fb 29
827e835997824285b3a3a60f27ee1143
using cachedToken.
[object Object] visibility cleared
done:  827e835997824285b3a3a60f27ee1143 30
859bc0a268894305851b49b4ce2fe58f
using cachedToken.
using cachedToken.
[object Object] visibility cleared
using cachedToken.
done:  859bc0a268894305851b49b4ce2fe58f 31
635471fe3e644a70a5989cbe58d9b477
using cachedToken.
using cachedToken.
[object Object] visibility cleared
using cachedToken.
done:  635471fe3e644a70a5989cbe58d9b477 32
672303dfc02346e9b2ba35ec0f0912d4
using cachedToken.
using cachedToken.
[object Object] visibility cleared
using cachedToken.
done:  672303dfc02346e9b2ba35ec0f0912d4 33
37e9a2438a9b41c6baa83e1dfc9f7782
using cachedToken.
using cachedToken.
[object Object] visibility cleared
using cachedToken.
done:  37e9a2438a9b41c6baa83e1dfc9f7782 34
566b9a2b3ac04c30ba5b16940ac7791e
using cachedToken.
[object Object] visibility cleared
done:  566b9a2b3ac04c30ba5b16940ac7791e 35
95aa81f8ef0e4d29a5c74d6acdf53e59
using cachedToken.
using cachedToken.
[object Object] visibility cleared
using cachedToken.
done:  95aa81f8ef0e4d29a5c74d6acdf53e59 36
10196fe303c14654939cd042ff255670
using cachedToken.
using cachedToken.
[object Object] visibility cleared
using cachedToken.
done:  10196fe303c14654939cd042ff255670 37
2200004b0ce84c3684842187ffa99ad9
using cachedToken.
using cachedToken.
[object Object] visibility cleared
using cachedToken.
done:  2200004b0ce84c3684842187ffa99ad9 38
64ff8623d0fe406dabe20f7850161037
using cachedToken.
using cachedToken.
[object Object] visibility cleared
using cachedToken.
done:  64ff8623d0fe406dabe20f7850161037 39
65f0b0b478c24a0a8b68802d5cbe056b
using cachedToken.
[object Object] visibility cleared
done:  65f0b0b478c24a0a8b68802d5cbe056b 40
69b6b4b73e2642b4b6d83a31e327a6d5
using cachedToken.
using cachedToken.
[object Object] visibility cleared
using cachedToken.
done:  69b6b4b73e2642b4b6d83a31e327a6d5 41
9cd2c872bb034dbfbd1e332222ea804d
using cachedToken.
using cachedToken.
[object Object] visibility cleared
using cachedToken.
done:  9cd2c872bb034dbfbd1e332222ea804d 42
9e7122c767e84bc39f31bbd255598b9d
using cachedToken.
using cachedToken.
[object Object] visibility cleared
using cachedToken.
done:  9e7122c767e84bc39f31bbd255598b9d 43
5b0187b2353f41459478d1859b343297
using cachedToken.
using cachedToken.
[object Object] visibility cleared
using cachedToken.
done:  5b0187b2353f41459478d1859b343297 44
61c17db9005645ec9379d4884d879ddf
using cachedToken.
[object Object] visibility cleared
done:  61c17db9005645ec9379d4884d879ddf 45
319b4563bd8245c4b3486cc08c43d1ec
using cachedToken.
using cachedToken.
[object Object] visibility cleared
using cachedToken.
done:  319b4563bd8245c4b3486cc08c43d1ec 46
31c7c4a0b1b84d739d008663857fe0cf
using cachedToken.
using cachedToken.
[object Object] visibility cleared
using cachedToken.
done:  31c7c4a0b1b84d739d008663857fe0cf 47
85e5ba75fb174e3c89f1bd666638ba1c
using cachedToken.
using cachedToken.
[object Object] visibility cleared
using cachedToken.
done:  85e5ba75fb174e3c89f1bd666638ba1c 48
8869822635a14b608bcfc0b9d88f41ae
using cachedToken.
using cachedToken.
[object Object] visibility cleared
using cachedToken.
done:  8869822635a14b608bcfc0b9d88f41ae 49
893e79d5fa1c47b2942a7a01aeddd883
using cachedToken.
[object Object] visibility cleared
done:  893e79d5fa1c47b2942a7a01aeddd883 50
38ed39a9a2c64d7db77b6241ff4033d2
using cachedToken.
using cachedToken.
[object Object] visibility cleared
using cachedToken.
done:  38ed39a9a2c64d7db77b6241ff4033d2 51
3d21bbf7b6284e89b775c40ff93de17b
using cachedToken.
using cachedToken.
[object Object] visibility cleared
using cachedToken.
done:  3d21bbf7b6284e89b775c40ff93de17b 52
1aa2d341236a4dfa973ea0abb36cc412
using cachedToken.
using cachedToken.
[object Object] visibility cleared
using cachedToken.
done:  1aa2d341236a4dfa973ea0abb36cc412 53
8f91a3d06e1343369f6d914727317954
using cachedToken.
using cachedToken.
[object Object] visibility cleared
using cachedToken.
done:  8f91a3d06e1343369f6d914727317954 54
477ea4d8c92c45e4a5e22bdbff01b998
using cachedToken.
[object Object] visibility cleared
done:  477ea4d8c92c45e4a5e22bdbff01b998 55
10c0669117ca4395b5a6f2d2f8b3cb93
using cachedToken.
using cachedToken.
[object Object] visibility cleared
using cachedToken.
done:  10c0669117ca4395b5a6f2d2f8b3cb93 56
120d863b62d143c696215931cce7e338
using cachedToken.
using cachedToken.
[object Object] visibility cleared
using cachedToken.
done:  120d863b62d143c696215931cce7e338 57
36b5e886e908481a89f06a19f2fd6d6f
using cachedToken.
using cachedToken.
[object Object] visibility cleared
using cachedToken.
done:  36b5e886e908481a89f06a19f2fd6d6f 58
3735b4f1eff441c79cc04e3bce38bb9e
using cachedToken.
using cachedToken.
[object Object] visibility cleared
using cachedToken.
done:  3735b4f1eff441c79cc04e3bce38bb9e 59
0a013c486f1149ba830fa195636c563d
using cachedToken.
[object Object] visibility cleared
done:  0a013c486f1149ba830fa195636c563d 60
8623b74127324464a26066a203ccfd72
using cachedToken.
using cachedToken.
[object Object] visibility cleared
using cachedToken.
done:  8623b74127324464a26066a203ccfd72 61
67c9ac2573de404795647f277a2eb1e9
using cachedToken.
using cachedToken.
[object Object] visibility cleared
using cachedToken.
done:  67c9ac2573de404795647f277a2eb1e9 62
76047aa5610047228d5c60a1801b5b25
using cachedToken.
using cachedToken.
[object Object] visibility cleared
using cachedToken.
done:  76047aa5610047228d5c60a1801b5b25 63
151559859e084ee3920308d3e866317e
using cachedToken.
using cachedToken.
[object Object] visibility cleared
using cachedToken.
done:  151559859e084ee3920308d3e866317e 64
1635a35dae114dd999876f172e194177
using cachedToken.
[object Object] visibility cleared
done:  1635a35dae114dd999876f172e194177 65
1a627b91404a4570ad27500facc656ea
using cachedToken.
using cachedToken.
[object Object] visibility cleared
using cachedToken.
done:  1a627b91404a4570ad27500facc656ea 66
1f5d8772c9b64d018a3542b49a8d6ab1
using cachedToken.
using cachedToken.
[object Object] visibility cleared
using cachedToken.
done:  1f5d8772c9b64d018a3542b49a8d6ab1 67
3d2a0287d6a44912b997d2efa606850f
using cachedToken.
using cachedToken.
[object Object] visibility cleared
using cachedToken.
done:  3d2a0287d6a44912b997d2efa606850f 68
43414b47c63b4497b1a95eab3f2cde84
using cachedToken.
using cachedToken.
[object Object] visibility cleared
using cachedToken.
done:  43414b47c63b4497b1a95eab3f2cde84 69
2b5c17dbc4cd4ca0b68c44d9305d590c
using cachedToken.
[object Object] visibility cleared
done:  2b5c17dbc4cd4ca0b68c44d9305d590c 70
845420d488c84d82aa8681ec99b6ca8e
using cachedToken.
using cachedToken.
[object Object] visibility cleared
using cachedToken.
done:  845420d488c84d82aa8681ec99b6ca8e 71
902fd92052514b7caceed9ec6de7c3a4
using cachedToken.
using cachedToken.
[object Object] visibility cleared
using cachedToken.
done:  902fd92052514b7caceed9ec6de7c3a4 72
918e8f9e34d74bccb681dd5f4f04a21b
using cachedToken.
using cachedToken.
[object Object] visibility cleared
using cachedToken.
done:  918e8f9e34d74bccb681dd5f4f04a21b 73
97975fe335314d6682af6dca93d13579
using cachedToken.
using cachedToken.
[object Object] visibility cleared
using cachedToken.
done:  97975fe335314d6682af6dca93d13579 74
9f238860cb4d4315812089e4012b87b8
using cachedToken.
[object Object] visibility cleared
done:  9f238860cb4d4315812089e4012b87b8 75
0807d77f78a848c59b9e1bbb4e3c73c4
using cachedToken.
using cachedToken.
[object Object] visibility cleared
using cachedToken.
done:  0807d77f78a848c59b9e1bbb4e3c73c4 76
0c061d6278584f359ccb6f35a77b966a
using cachedToken.
using cachedToken.
[object Object] visibility cleared
using cachedToken.
done:  0c061d6278584f359ccb6f35a77b966a 77
57f5636e82fe435ba8b3ba8699834a12
using cachedToken.
using cachedToken.
[object Object] visibility cleared
using cachedToken.
done:  57f5636e82fe435ba8b3ba8699834a12 78
5aac094dfd444c2b91f61f228b3405f9
using cachedToken.
using cachedToken.
[object Object] visibility cleared
using cachedToken.
done:  5aac094dfd444c2b91f61f228b3405f9 79
5b4f6b8f095a41428e15192b4df206bc
using cachedToken.
[object Object] visibility cleared
done:  5b4f6b8f095a41428e15192b4df206bc 80
1c992f10b7c94aac80878da0581c9271
using cachedToken.
using cachedToken.
[object Object] visibility cleared
using cachedToken.
done:  1c992f10b7c94aac80878da0581c9271 81
1cc290df3b4c4f49956bcde399854355
using cachedToken.
using cachedToken.
[object Object] visibility cleared
using cachedToken.
done:  1cc290df3b4c4f49956bcde399854355 82
1f6d61afa9564271a21d15cc1ff3c6a1
using cachedToken.
using cachedToken.
[object Object] visibility cleared
using cachedToken.
done:  1f6d61afa9564271a21d15cc1ff3c6a1 83
24ebca6ef9634c71a04dbcf5c5e917a4
using cachedToken.
using cachedToken.
[object Object] visibility cleared
using cachedToken.
done:  24ebca6ef9634c71a04dbcf5c5e917a4 84
26967a09c40545b9bdb94b096491766f
using cachedToken.
[object Object] visibility cleared
done:  26967a09c40545b9bdb94b096491766f 85
7b0267f78520400d876e501b555febfb
using cachedToken.
using cachedToken.
[object Object] visibility cleared
using cachedToken.
done:  7b0267f78520400d876e501b555febfb 86
8548c74f32794f7dbd6a099e74bad55b
using cachedToken.
using cachedToken.
[object Object] visibility cleared
using cachedToken.
done:  8548c74f32794f7dbd6a099e74bad55b 87
68f9ab1e8a104845856d09d9c0422734
using cachedToken.
using cachedToken.
[object Object] visibility cleared
using cachedToken.
done:  68f9ab1e8a104845856d09d9c0422734 88
3a62d3060f5d40cfb51ded50724a3fa4
using cachedToken.
using cachedToken.
[object Object] visibility cleared
using cachedToken.
done:  3a62d3060f5d40cfb51ded50724a3fa4 89
44fd03598dba4761a5b8bc20e8e91864
using cachedToken.
[object Object] visibility cleared
done:  44fd03598dba4761a5b8bc20e8e91864 90
337bd464c6ba48d6911885f6d3a51e80
using cachedToken.
using cachedToken.
[object Object] visibility cleared
using cachedToken.
done:  337bd464c6ba48d6911885f6d3a51e80 91
4a90896778fe42ce8d3a1ce31abad9ab
using cachedToken.
using cachedToken.
[object Object] visibility cleared
using cachedToken.
done:  4a90896778fe42ce8d3a1ce31abad9ab 92
6b7924207eb147e2be9ee945882b62dc
using cachedToken.
using cachedToken.
[object Object] visibility cleared
using cachedToken.
done:  6b7924207eb147e2be9ee945882b62dc 93
8729e22456c643609594a052bfefe387
using cachedToken.
using cachedToken.
[object Object] visibility cleared
using cachedToken.
done:  8729e22456c643609594a052bfefe387 94
8b8bf590f16a4f4aa7cef259b605978e
using cachedToken.
[object Object] visibility cleared
done:  8b8bf590f16a4f4aa7cef259b605978e 95
97ed313253914ecd9dcf1f0070a238b7
using cachedToken.
using cachedToken.
[object Object] visibility cleared
using cachedToken.
done:  97ed313253914ecd9dcf1f0070a238b7 96
98e96accc78a4257bb8b825e090b10c6
using cachedToken.
using cachedToken.
[object Object] visibility cleared
using cachedToken.
done:  98e96accc78a4257bb8b825e090b10c6 97
