start importing...
021abf7b4eae425d9ee87afea282e0da
using cachedToken.
[object Object] visibility cleared
using cachedToken.
done:  021abf7b4eae425d9ee87afea282e0da 1
43313c1eaf634dd1a30d3cc64af5f224
using cachedToken.
using cachedToken.
[object Object] visibility cleared
using cachedToken.
done:  43313c1eaf634dd1a30d3cc64af5f224 2
63a6074422c8400d852cee1061c0ea46
using cachedToken.
using cachedToken.
[object Object] visibility cleared
using cachedToken.
done:  63a6074422c8400d852cee1061c0ea46 3
b034c914895b4afd9f4635bc69aeeccf
using cachedToken.
using cachedToken.
[object Object] visibility cleared
using cachedToken.
done:  b034c914895b4afd9f4635bc69aeeccf 4
c20e11d3125b41868c1eb3b05aa00f32
using cachedToken.
[object Object] visibility cleared
done:  c20e11d3125b41868c1eb3b05aa00f32 5
caea911b6e9b41729da651edf0cf6ffe
using cachedToken.
using cachedToken.
[object Object] visibility cleared
using cachedToken.
done:  caea911b6e9b41729da651edf0cf6ffe 6
e5742cabb56a4b7d8fedf032a6ba9412
using cachedToken.
using cachedToken.
[object Object] visibility cleared
using cachedToken.
done:  e5742cabb56a4b7d8fedf032a6ba9412 7
f562d35f5f2b44829cd35433cf921f88
using cachedToken.
using cachedToken.
[object Object] visibility cleared
using cachedToken.
done:  f562d35f5f2b44829cd35433cf921f88 8
2e6c1b24a6e049988a7bd00e87eff831
using cachedToken.
using cachedToken.
[object Object] visibility cleared
using cachedToken.
done:  2e6c1b24a6e049988a7bd00e87eff831 9
315ed994e23f45aeafdf0259b4d749e3
using cachedToken.
[object Object] visibility cleared
done:  315ed994e23f45aeafdf0259b4d749e3 10
3272e833d8604b10bb2406070af2758f
using cachedToken.
using cachedToken.
[object Object] visibility cleared
using cachedToken.
done:  3272e833d8604b10bb2406070af2758f 11
32a3e35c0d4e4bcbbe482f66450006d0
using cachedToken.
using cachedToken.
[object Object] visibility cleared
using cachedToken.
done:  32a3e35c0d4e4bcbbe482f66450006d0 12
35b412599fcb4ffba88d8bd2dcb10787
using cachedToken.
using cachedToken.
[object Object] visibility cleared
using cachedToken.
done:  35b412599fcb4ffba88d8bd2dcb10787 13
68c88f34bf714a7585614d6f4316d648
using cachedToken.
using cachedToken.
[object Object] visibility cleared
using cachedToken.
done:  68c88f34bf714a7585614d6f4316d648 14
7db7d65e8fb74477bad287079f7d5bf1
using cachedToken.
[object Object] visibility cleared
done:  7db7d65e8fb74477bad287079f7d5bf1 15
83e80012f9e94ab7b2f4860682b88a8f
using cachedToken.
using cachedToken.
[object Object] visibility cleared
using cachedToken.
done:  83e80012f9e94ab7b2f4860682b88a8f 16
ca56e6011ef74f33a1bd4fc7156c581a
using cachedToken.
using cachedToken.
[object Object] visibility cleared
using cachedToken.
done:  ca56e6011ef74f33a1bd4fc7156c581a 17
e686bbc6d746425380a8f5846c91492f
using cachedToken.
using cachedToken.
[object Object] visibility cleared
using cachedToken.
done:  e686bbc6d746425380a8f5846c91492f 18
b329af080a124024911f2db1ec45abc8
using cachedToken.
using cachedToken.
[object Object] visibility cleared
using cachedToken.
done:  b329af080a124024911f2db1ec45abc8 19
bc0c75e6fa624578a70419bc547353da
using cachedToken.
[object Object] visibility cleared
done:  bc0c75e6fa624578a70419bc547353da 20
400befd03f454ed98f2bf87fa3b964a1
using cachedToken.
using cachedToken.
[object Object] visibility cleared
using cachedToken.
done:  400befd03f454ed98f2bf87fa3b964a1 21
5a29109a226c4cf08242987863db4e1a
using cachedToken.
using cachedToken.
[object Object] visibility cleared
using cachedToken.
done:  5a29109a226c4cf08242987863db4e1a 22
818cdffbf25441d89a72e5c63b35f56f
using cachedToken.
using cachedToken.
[object Object] visibility cleared
using cachedToken.
done:  818cdffbf25441d89a72e5c63b35f56f 23
adcaa03992564a2ab71dbee5fbd154ee
using cachedToken.
using cachedToken.
[object Object] visibility cleared
using cachedToken.
done:  adcaa03992564a2ab71dbee5fbd154ee 24
6d9fcba90f134344997abcf00db2490e
using cachedToken.
[object Object] visibility cleared
done:  6d9fcba90f134344997abcf00db2490e 25
d1e6921ac0774f32bad80f7e309310ce
using cachedToken.
using cachedToken.
[object Object] visibility cleared
using cachedToken.
done:  d1e6921ac0774f32bad80f7e309310ce 26
019a71a5ab5549cabc43f45c240e5911
using cachedToken.
using cachedToken.
[object Object] visibility cleared
using cachedToken.
done:  019a71a5ab5549cabc43f45c240e5911 27
2d7a9711b0f7414699766d5c19266496
using cachedToken.
using cachedToken.
[object Object] visibility cleared
using cachedToken.
done:  2d7a9711b0f7414699766d5c19266496 28
e7183836948247729a3ad4ff7039dde7
using cachedToken.
using cachedToken.
[object Object] visibility cleared
using cachedToken.
done:  e7183836948247729a3ad4ff7039dde7 29
eb3b558d6f3f4ff88e7e6823f781f13d
using cachedToken.
[object Object] visibility cleared
done:  eb3b558d6f3f4ff88e7e6823f781f13d 30
f7b8af0aea2b4f59bbf5cda37041b10a
using cachedToken.
using cachedToken.
[object Object] visibility cleared
using cachedToken.
done:  f7b8af0aea2b4f59bbf5cda37041b10a 31
0cf3a2ae24004434a0711753ab7c31b1
using cachedToken.
using cachedToken.
[object Object] visibility cleared
using cachedToken.
done:  0cf3a2ae24004434a0711753ab7c31b1 32
0d673b0e483846ef87d1b0ef7b91ae1a
using cachedToken.
using cachedToken.
[object Object] visibility cleared
using cachedToken.
done:  0d673b0e483846ef87d1b0ef7b91ae1a 33
1ada2c68ffd3495295bab6127c66f5b0
using cachedToken.
using cachedToken.
[object Object] visibility cleared
using cachedToken.
done:  1ada2c68ffd3495295bab6127c66f5b0 34
30c96f4adf694555bf447b054c37b40c
using cachedToken.
[object Object] visibility cleared
done:  30c96f4adf694555bf447b054c37b40c 35
722033de66bf49f994d6c34b51c5e676
using cachedToken.
using cachedToken.
[object Object] visibility cleared
using cachedToken.
done:  722033de66bf49f994d6c34b51c5e676 36
73a590bf0e5c422c8e2b20065a4d9b7b
using cachedToken.
using cachedToken.
[object Object] visibility cleared
using cachedToken.
done:  73a590bf0e5c422c8e2b20065a4d9b7b 37
f4070527506b4e9a9c22c1ae6cc6b371
using cachedToken.
using cachedToken.
[object Object] visibility cleared
using cachedToken.
done:  f4070527506b4e9a9c22c1ae6cc6b371 38
52a815312f8143179877cd04b5911c48
using cachedToken.
using cachedToken.
[object Object] visibility cleared
using cachedToken.
done:  52a815312f8143179877cd04b5911c48 39
956baf60cf5a4e4198efb2ef110c5b34
using cachedToken.
[object Object] visibility cleared
done:  956baf60cf5a4e4198efb2ef110c5b34 40
a5d86586791f447196636865cb5f0d2f
using cachedToken.
using cachedToken.
[object Object] visibility cleared
using cachedToken.
done:  a5d86586791f447196636865cb5f0d2f 41
b674fe6fec1d46f1b2caefba49a24214
using cachedToken.
using cachedToken.
[object Object] visibility cleared
using cachedToken.
done:  b674fe6fec1d46f1b2caefba49a24214 42
b77b998b10f44f7cadb2efd7b65bbb83
using cachedToken.
using cachedToken.
[object Object] visibility cleared
using cachedToken.
done:  b77b998b10f44f7cadb2efd7b65bbb83 43
