Arguments: 
  /usr/local/lib/nodejs/node-v10.1.0/bin/node /home/maciek/.yarn/bin/yarn.js add axious

PATH: 
  /home/maciek/.yarn/bin:/home/maciek/.config/yarn/global/node_modules/.bin:/usr/local/lib/nodejs/node-v10.1.0/bin:/home/maciek/bin:/home/maciek/.local/bin:/home/maciek/.yarn/bin:/home/maciek/.config/yarn/global/node_modules/.bin:/usr/local/lib/nodejs/node-v10.1.0/bin:/home/maciek/bin:/home/maciek/.local/bin:/usr/local/sbin:/usr/local/bin:/usr/sbin:/usr/bin:/sbin:/bin:/usr/games:/usr/local/games:/snap/bin:/snap/bin

Yarn version: 
  1.15.2

Node version: 
  10.1.0

Platform: 
  linux x64

Trace: 
  Error: https://registry.yarnpkg.com/axious: Not found
      at Request.params.callback [as _callback] (/home/maciek/.yarn/lib/cli.js:66058:18)
      at Request.self.callback (/home/maciek/.yarn/lib/cli.js:129541:22)
      at Request.emit (events.js:182:13)
      at Request.<anonymous> (/home/maciek/.yarn/lib/cli.js:130513:10)
      at Request.emit (events.js:182:13)
      at IncomingMessage.<anonymous> (/home/maciek/.yarn/lib/cli.js:130435:12)
      at Object.onceWrapper (events.js:273:13)
      at IncomingMessage.emit (events.js:187:15)
      at endReadableNT (_stream_readable.js:1086:12)
      at process._tickCallback (internal/process/next_tick.js:63:19)

npm manifest: 
  {
    "name": "migrator-csv",
    "version": "1.0.0",
    "main": "index.js",
    "license": "MIT"
  }

yarn manifest: 
  No manifest

Lockfile: 
  No lockfile
